2013-04-23 16:30:38,514 - Default Properties File: org/apache/velocity/runtime/defaults/velocity.properties
2013-04-23 16:30:38,514 - Trying to use logger class org.apache.velocity.runtime.log.SimpleLog4JLogSystem
2013-04-23 16:30:38,514 - Using logger class org.apache.velocity.runtime.log.SimpleLog4JLogSystem
2013-04-23 16:30:38,519 - Default ResourceManager initializing. (class org.apache.velocity.runtime.resource.ResourceManagerImpl)
2013-04-23 16:30:38,521 - Resource Loader Instantiated: org.apache.velocity.runtime.resource.loader.ClasspathResourceLoader
2013-04-23 16:30:38,521 - ClasspathResourceLoader : initialization starting.
2013-04-23 16:30:38,521 - ClasspathResourceLoader : initialization complete.
2013-04-23 16:30:38,523 - ResourceCache : initialized. (class org.apache.velocity.runtime.resource.ResourceCacheImpl)
2013-04-23 16:30:38,523 - Default ResourceManager initialization complete.
2013-04-23 16:30:38,524 - Loaded System Directive: org.apache.velocity.runtime.directive.Literal
2013-04-23 16:30:38,525 - Loaded System Directive: org.apache.velocity.runtime.directive.Macro
2013-04-23 16:30:38,527 - Loaded System Directive: org.apache.velocity.runtime.directive.Parse
2013-04-23 16:30:38,528 - Loaded System Directive: org.apache.velocity.runtime.directive.Include
2013-04-23 16:30:38,529 - Loaded System Directive: org.apache.velocity.runtime.directive.Foreach
2013-04-23 16:30:38,548 - Created: 20 parsers.
2013-04-23 16:30:38,552 - Velocimacro : initialization starting.
2013-04-23 16:30:38,552 - Velocimacro : adding VMs from VM library template : VM_global_library.vm
2013-04-23 16:30:38,561 - ResourceManager : unable to find resource 'VM_global_library.vm' in any resource loader.
2013-04-23 16:30:38,561 - Velocimacro : error using  VM library template VM_global_library.vm : org.apache.velocity.exception.ResourceNotFoundException: Unable to find resource 'VM_global_library.vm'
2013-04-23 16:30:38,561 - Velocimacro :  VM library template macro registration complete.
2013-04-23 16:30:38,561 - Velocimacro : allowInline = true : VMs can be defined inline in templates
2013-04-23 16:30:38,561 - Velocimacro : allowInlineToOverride = false : VMs defined inline may NOT replace previous VM definitions
2013-04-23 16:30:38,561 - Velocimacro : allowInlineLocal = false : VMs defined inline will be  global in scope if allowed.
2013-04-23 16:30:38,561 - Velocimacro : messages on  : VM system will output logging messages
2013-04-23 16:30:38,561 - Velocimacro : autoload off  : VM system will not automatically reload global library macros
2013-04-23 16:30:38,561 - Velocimacro : initialization complete.
2013-04-23 16:30:38,561 - Velocity successfully started.
